[0407/151323.137:WARNING:policy_logger.cc(151)] :components\enterprise\browser\controller\chrome_browser_cloud_management_controller.cc(88) Could not create policy manager as CBCM is not enabled.
[0407/151324.149:INFO:CONSOLE(1)] "All core plugins started...", source: https://plugin.intuitcdn.net/web-shell/5.142.1/378.420707b431d95444b05a.js (1)
[0407/151324.155:INFO:CONSOLE(1)] "Plugins registered...", source: https://plugin.intuitcdn.net/web-shell/5.142.1/378.420707b431d95444b05a.js (1)
[0407/151324.157:INFO:CONSOLE(1)] "Application before-ready completed...", source: https://plugin.intuitcdn.net/web-shell/5.142.1/378.420707b431d95444b05a.js (1)
[0407/151324.164:INFO:CONSOLE(1)] "Application ready...", source: https://plugin.intuitcdn.net/web-shell/5.142.1/378.420707b431d95444b05a.js (1)
[0407/151324.175:INFO:CONSOLE(1)] "default delegate action handler  [object Object]", source: https://plugin.intuitcdn.net/web-shell/5.142.1/AppInitializer.d7780b6042da9d8d8d9b.js (1)
[0407/151324.181:INFO:CONSOLE(2)] "Unsatisfied version 17.0.2 from @appfabric/web-platform-runtime of shared singleton module react-dom (required =18.3.1)", source: https://plugin.intuitcdn.net/identity-authn-core-ui/remoteEntry.2d1fd7c0d49259f9.js (2)
[0407/151324.181:INFO:CONSOLE(2)] "Unsatisfied version 4.4.1 from ds-externals-override of shared singleton module @design-systems/theme (required =4.0.5)", source: https://plugin.intuitcdn.net/identity-authn-core-ui/remoteEntry.2d1fd7c0d49259f9.js (2)
[0407/151324.181:INFO:CONSOLE(2)] "Unsatisfied version 17.0.2 from @appfabric/web-platform-runtime of shared singleton module react (required =18.3.1)", source: https://plugin.intuitcdn.net/identity-authn-core-ui/remoteEntry.2d1fd7c0d49259f9.js (2)
[0407/151324.282:INFO:peer_connection_dependency_factory.cc(669)] Running WebRTC with a combined Network and Worker thread.
[0407/151324.469:WARNING:codec.cc(450)] Explicitly added H264 constrained baseline to list of supported formats.
[0407/151324.582:ERROR:socket_manager.cc(141)] Failed to resolve address for aa.online-metrix.net., errorcode: -105
[0407/151324.604:ERROR:socket_manager.cc(141)] Failed to resolve address for aa.online-metrix.net., errorcode: -105
[0407/151324.604:ERROR:socket_manager.cc(141)] Failed to resolve address for aa.online-metrix.net., errorcode: -105
[0407/151324.607:WARNING:stun_port.cc(457)] Port[24794d00:0:1:0:local:Net[any:0:0:0:x:x:x:x:x/0:Wildcard:id=0]]: StunPort: stun host lookup received error -1
[0407/151324.609:WARNING:turn_port.cc(834)] Port[25225f80:0:1:0:relay:Net[any:0:0:0:x:x:x:x:x/0:Wildcard:id=0]]: TURN host lookup received error -1
[0407/151324.615:WARNING:turn_port.cc(491)] Socket is bound to the address:100.64.0.x:51091, rather than an address associated with network:Net[any:0.0.0.x/0:Wildcard:id=0]. Still allowing it since it's the 'any' address, possibly caused by multiple_routes being disabled.
[0407/151324.616:WARNING:turn_port.cc(491)] Socket is bound to the address:100.64.0.x:51092, rather than an address associated with network:Net[any:0:0:0:x:x:x:x:x/0:Wildcard:id=0]. Still allowing it since it's the 'any' address, possibly caused by multiple_routes being disabled.
[0407/151324.645:INFO:CONSOLE(1)] "Shell - successfully initialized RUM module [object Object]", source: https://plugin.intuitcdn.net/web-shell/5.142.1/appf-intuit-logging.aac9270461a626adbd4d.js (1)
[0407/151324.647:INFO:CONSOLE(1)] "Network interceptor(s) started successfully [object Object]", source: https://plugin.intuitcdn.net/web-shell/5.142.1/appf-intuit-logging.aac9270461a626adbd4d.js (1)
[0407/151324.647:INFO:CONSOLE(1)] "Shell - successfully loaded [object Object]", source: https://plugin.intuitcdn.net/web-shell/5.142.1/appf-intuit-logging.aac9270461a626adbd4d.js (1)
[0407/151324.648:INFO:CONSOLE(1)] "getExperimentAssignments [object Object]", source: https://plugin.intuitcdn.net/web-shell/5.142.1/appf-intuit-logging.aac9270461a626adbd4d.js (1)
[0407/151324.648:INFO:CONSOLE(1)] "performance [object Object]", source: https://plugin.intuitcdn.net/web-shell/5.142.1/appf-intuit-logging.aac9270461a626adbd4d.js (1)
[0407/151324.649:INFO:CONSOLE(1)] "profiling-begin [object Object]", source: https://plugin.intuitcdn.net/web-shell/5.142.1/appf-intuit-logging.aac9270461a626adbd4d.js (1)
[0407/151324.650:INFO:CONSOLE(1)] "initiating risk profiling from iux [object Object]", source: https://plugin.intuitcdn.net/web-shell/5.142.1/appf-intuit-logging.aac9270461a626adbd4d.js (1)
[0407/151324.650:INFO:CONSOLE(1)] "setCookie [object Object]", source: https://plugin.intuitcdn.net/web-shell/5.142.1/appf-intuit-logging.aac9270461a626adbd4d.js (1)
[0407/151324.650:INFO:CONSOLE(1)] "setDiSessionCookie [object Object]", source: https://plugin.intuitcdn.net/web-shell/5.142.1/appf-intuit-logging.aac9270461a626adbd4d.js (1)
[0407/151324.651:INFO:CONSOLE(1)] "profiling-session-initiated [object Object]", source: https://plugin.intuitcdn.net/web-shell/5.142.1/appf-intuit-logging.aac9270461a626adbd4d.js (1)
[0407/151324.651:INFO:CONSOLE(1)] "getExperimentAssignments [object Object]", source: https://plugin.intuitcdn.net/web-shell/5.142.1/appf-intuit-logging.aac9270461a626adbd4d.js (1)
[0407/151324.652:INFO:CONSOLE(1)] "identity-browser-prepare-sign-in-success [object Object]", source: https://plugin.intuitcdn.net/web-shell/5.142.1/appf-intuit-logging.aac9270461a626adbd4d.js (1)
[0407/151324.652:INFO:CONSOLE(1)] "sign-in-setup [object Object]", source: https://plugin.intuitcdn.net/web-shell/5.142.1/appf-intuit-logging.aac9270461a626adbd4d.js (1)
[0407/151324.653:INFO:CONSOLE(1)] "nonhosted  ius_nav_start_to_render_time=1133 connection_downlink=9.8,connection_effectiveType=4g ius_all_cookies_size=2433    ius_internal_time_to_interact=33 isPauthLaunch=false isPauthReturn=false isOauth=true enableSSOMFA=false enableVerifyLogin=false locale=en-us [object Object]", source: https://plugin.intuitcdn.net/web-shell/5.142.1/appf-intuit-logging.aac9270461a626adbd4d.js (1)
[0407/151324.653:INFO:CONSOLE(1)] "sign-in-config-usage [object Object]", source: https://plugin.intuitcdn.net/web-shell/5.142.1/appf-intuit-logging.aac9270461a626adbd4d.js (1)
[0407/151324.654:INFO:CONSOLE(1)] "sign-in-initial-request-status [object Object]", source: https://plugin.intuitcdn.net/web-shell/5.142.1/appf-intuit-logging.aac9270461a626adbd4d.js (1)
[0407/151324.654:INFO:CONSOLE(1)] "Shell - application bootstrapped successfully! [object Object]", source: https://plugin.intuitcdn.net/web-shell/5.142.1/appf-intuit-logging.aac9270461a626adbd4d.js (1)
[0407/151324.729:WARNING:browser_info.cc(309)] Returning a speculative frame for 25769803781 [6,5]
[0407/151324.871:ERROR:stun_port.cc(79)] Binding error response: class=4 number=1 reason=Unauthorized
[0407/151324.912:WARNING:browser_info.cc(309)] Returning a speculative frame for 25769803784 [6,8]
[0407/151324.913:WARNING:browser_info.cc(309)] Returning a speculative frame for 25769803784 [6,8]
[0407/151324.913:WARNING:browser_info.cc(309)] Returning a speculative frame for 25769803784 [6,8]
[0407/151324.913:WARNING:browser_info.cc(309)] Returning a speculative frame for 25769803784 [6,8]
[0407/151325.027:WARNING:browser_info.cc(309)] Returning a speculative frame for 25769803781 [6,5]
[0407/151325.027:WARNING:browser_info.cc(309)] Returning a speculative frame for 25769803781 [6,5]
[0407/151325.027:WARNING:browser_info.cc(309)] Returning a speculative frame for 25769803781 [6,5]
[0407/151325.027:WARNING:browser_info.cc(309)] Returning a speculative frame for 25769803781 [6,5]
[0407/151325.122:WARNING:frame_impl.cc(420)] SendProcessMessage sent to detached frame 21474836489 [5,9] will be ignored
[0407/151325.122:WARNING:frame_impl.cc(420)] SendProcessMessage sent to detached frame 21474836489 [5,9] will be ignored
[0407/151325.280:INFO:CONSOLE(1)] "callInitiateSessionAndSetKdId [object Object]", source: https://plugin.intuitcdn.net/web-shell/5.142.1/appf-intuit-logging.aac9270461a626adbd4d.js (1)
[0407/151325.886:INFO:CONSOLE(1)] "device-profiling-never-completed [object Object]", source: https://plugin.intuitcdn.net/web-shell/5.142.1/appf-intuit-logging.aac9270461a626adbd4d.js (1)
[0407/151325.977:INFO:CONSOLE(1)] "onProfileTimeout [object Object]", source: https://plugin.intuitcdn.net/web-shell/5.142.1/appf-intuit-logging.aac9270461a626adbd4d.js (1)
[0407/151325.977:INFO:CONSOLE(1)] "profiling-complete-or-timeout [object Object]", source: https://plugin.intuitcdn.net/web-shell/5.142.1/appf-intuit-logging.aac9270461a626adbd4d.js (1)
[0407/151326.327:INFO:peer_connection_dependency_factory.cc(669)] Running WebRTC with a combined Network and Worker thread.
[0407/151326.328:WARNING:codec.cc(450)] Explicitly added H264 constrained baseline to list of supported formats.
[0407/151326.343:WARNING:browser_info.cc(309)] Returning a speculative frame for 30064771085 [7,13]
[0407/151326.371:INFO:CONSOLE(1332)] "[Report Only] Refused to load the script 'https://h64.online-metrix.net/flOpL2D3s3ikSrgF?918e0796c37ff25f=8r21cU4xjez7Fd_Sv2ro5wxohRfFTy7553OTC11H0cnCbZ2hVb8TFwTLV7mSYv9uS9W83Sph__qz2ar7mYgLGKZwnCOZHINaZk1p_laKk2BdIY04fWpwVLLaARezXypXzPwL6vaojUlO-FFHd3vPLNtdPQfGChzqPC9Ost8' because it violates the following Content Security Policy directive: "script-src 'self' https://*.intuit.com https://*.intuitcdn.net:* 'unsafe-inline' 'unsafe-eval' *.google.com *.google-analytics.com *.gstatic.com *.appdynamics.com *.intuitcdn.com *.intuitcdn.net *.intuitcdn.net:34212 *.ensighten.com *.decibelinsight.net *.decibelinsight.com *.tiqcdn.com *.go-mpulse.net *.we-stats.com *.qualtrics.com". Note that 'script-src-elem' was not explicitly set, so 'script-src' is used as a fallback.
", source: https://qfp.intuit.com/1bF10RVaR8HPPIQV?c7074aac7c33356f=ten9iH_Ro9rNEjsV15_ZMlEfQvFb-4V6B7Q8jgLHLv_p0imgZ3kJmjyZv9ADDqngQYuuMWGGolxW7mRA3aMgy9JLg7MizK7F8CycXoR8lgX1mD7AzpW0yy1NVvof5dzspqyQNRALcLO5IlDjZQDu2YCA9t8qQyTlDdl_hcV99-bjM1FVWQCYuK5l6n8gbbsI0EGDWb37cXUPWqlMEDD6LrU&jb=37392e246a7b677d3d55616c64677571266a716f3d556b666c6775732530323333266271627d354b6870676f652e6871623d4168726d6f6d2d3a3231313b (1332)
[0407/151326.571:INFO:CONSOLE(15)] "[Report Only] Refused to connect to 'wss://127.0.0.1:5900/' because it violates the following Content Security Policy directive: "connect-src 'self' https://*.intuit.com https://*.intuit.com:* https://*.intuitcdn.net:* https://hosted-shell-assets-us-west-2.s3.us-west-2.amazonaws.com wss://plugin-localhost.intuitcdn.net:* wss://plugin.intuitcdn.net:* https://*.intuit.net *.qualtrics.com *.akstat.io *.go-mpulse.net https://*.tealiumiq.com:* https://*.akamaihd.net:* https://*.fullstory.com".
", source: blob:https://accounts.intuit.com/3fbb512f-d38d-4664-89cb-7a453e77f138 (15)
[0407/151326.571:INFO:CONSOLE(15)] "[Report Only] Refused to connect to 'wss://127.0.0.1:63333/' because it violates the following Content Security Policy directive: "connect-src 'self' https://*.intuit.com https://*.intuit.com:* https://*.intuitcdn.net:* https://hosted-shell-assets-us-west-2.s3.us-west-2.amazonaws.com wss://plugin-localhost.intuitcdn.net:* wss://plugin.intuitcdn.net:* https://*.intuit.net *.qualtrics.com *.akstat.io *.go-mpulse.net https://*.tealiumiq.com:* https://*.akamaihd.net:* https://*.fullstory.com".
", source: blob:https://accounts.intuit.com/d505cf37-bbc3-4618-9308-235b9a356dbe (15)
[0407/151326.571:INFO:CONSOLE(15)] "[Report Only] Refused to connect to 'wss://127.0.0.1:6040/' because it violates the following Content Security Policy directive: "connect-src 'self' https://*.intuit.com https://*.intuit.com:* https://*.intuitcdn.net:* https://hosted-shell-assets-us-west-2.s3.us-west-2.amazonaws.com wss://plugin-localhost.intuitcdn.net:* wss://plugin.intuitcdn.net:* https://*.intuit.net *.qualtrics.com *.akstat.io *.go-mpulse.net https://*.tealiumiq.com:* https://*.akamaihd.net:* https://*.fullstory.com".
", source: blob:https://accounts.intuit.com/aa2b4220-6519-4113-b284-6f56900c64bc (15)
[0407/151326.571:INFO:CONSOLE(15)] "[Report Only] Refused to connect to 'wss://127.0.0.1:5944/' because it violates the following Content Security Policy directive: "connect-src 'self' https://*.intuit.com https://*.intuit.com:* https://*.intuitcdn.net:* https://hosted-shell-assets-us-west-2.s3.us-west-2.amazonaws.com wss://plugin-localhost.intuitcdn.net:* wss://plugin.intuitcdn.net:* https://*.intuit.net *.qualtrics.com *.akstat.io *.go-mpulse.net https://*.tealiumiq.com:* https://*.akamaihd.net:* https://*.fullstory.com".
", source: blob:https://accounts.intuit.com/b303c8d2-7962-4ae1-818e-d2fbc8245f8c (15)
[0407/151326.571:INFO:CONSOLE(15)] "[Report Only] Refused to connect to 'wss://127.0.0.1:3389/' because it violates the following Content Security Policy directive: "connect-src 'self' https://*.intuit.com https://*.intuit.com:* https://*.intuitcdn.net:* https://hosted-shell-assets-us-west-2.s3.us-west-2.amazonaws.com wss://plugin-localhost.intuitcdn.net:* wss://plugin.intuitcdn.net:* https://*.intuit.net *.qualtrics.com *.akstat.io *.go-mpulse.net https://*.tealiumiq.com:* https://*.akamaihd.net:* https://*.fullstory.com".
", source: blob:https://accounts.intuit.com/b880744a-ce81-47bf-90b1-d21255b002fd (15)
[0407/151326.571:INFO:CONSOLE(15)] "[Report Only] Refused to connect to 'wss://127.0.0.1:5903/' because it violates the following Content Security Policy directive: "connect-src 'self' https://*.intuit.com https://*.intuit.com:* https://*.intuitcdn.net:* https://hosted-shell-assets-us-west-2.s3.us-west-2.amazonaws.com wss://plugin-localhost.intuitcdn.net:* wss://plugin.intuitcdn.net:* https://*.intuit.net *.qualtrics.com *.akstat.io *.go-mpulse.net https://*.tealiumiq.com:* https://*.akamaihd.net:* https://*.fullstory.com".
", source: blob:https://accounts.intuit.com/f18f8180-2874-4961-94f8-1295c35fc191 (15)
[0407/151326.571:INFO:CONSOLE(15)] "[Report Only] Refused to connect to 'wss://127.0.0.1:5279/' because it violates the following Content Security Policy directive: "connect-src 'self' https://*.intuit.com https://*.intuit.com:* https://*.intuitcdn.net:* https://hosted-shell-assets-us-west-2.s3.us-west-2.amazonaws.com wss://plugin-localhost.intuitcdn.net:* wss://plugin.intuitcdn.net:* https://*.intuit.net *.qualtrics.com *.akstat.io *.go-mpulse.net https://*.tealiumiq.com:* https://*.akamaihd.net:* https://*.fullstory.com".
", source: blob:https://accounts.intuit.com/27383f65-9386-4f53-9b4b-2b87c96fb5dd (15)
[0407/151326.571:INFO:CONSOLE(15)] "[Report Only] Refused to connect to 'wss://127.0.0.1:5901/' because it violates the following Content Security Policy directive: "connect-src 'self' https://*.intuit.com https://*.intuit.com:* https://*.intuitcdn.net:* https://hosted-shell-assets-us-west-2.s3.us-west-2.amazonaws.com wss://plugin-localhost.intuitcdn.net:* wss://plugin.intuitcdn.net:* https://*.intuit.net *.qualtrics.com *.akstat.io *.go-mpulse.net https://*.tealiumiq.com:* https://*.akamaihd.net:* https://*.fullstory.com".
", source: blob:https://accounts.intuit.com/0d47e73a-eb00-423d-9f66-c69dc0391b5f (15)
[0407/151326.571:INFO:CONSOLE(15)] "[Report Only] Refused to connect to 'wss://127.0.0.1:5939/' because it violates the following Content Security Policy directive: "connect-src 'self' https://*.intuit.com https://*.intuit.com:* https://*.intuitcdn.net:* https://hosted-shell-assets-us-west-2.s3.us-west-2.amazonaws.com wss://plugin-localhost.intuitcdn.net:* wss://plugin.intuitcdn.net:* https://*.intuit.net *.qualtrics.com *.akstat.io *.go-mpulse.net https://*.tealiumiq.com:* https://*.akamaihd.net:* https://*.fullstory.com".
", source: blob:https://accounts.intuit.com/d83d1d28-0461-4179-a532-641384764349 (15)
[0407/151326.571:INFO:CONSOLE(15)] "[Report Only] Refused to connect to 'wss://127.0.0.1:5950/' because it violates the following Content Security Policy directive: "connect-src 'self' https://*.intuit.com https://*.intuit.com:* https://*.intuitcdn.net:* https://hosted-shell-assets-us-west-2.s3.us-west-2.amazonaws.com wss://plugin-localhost.intuitcdn.net:* wss://plugin.intuitcdn.net:* https://*.intuit.net *.qualtrics.com *.akstat.io *.go-mpulse.net https://*.tealiumiq.com:* https://*.akamaihd.net:* https://*.fullstory.com".
", source: blob:https://accounts.intuit.com/ba722bdc-3ae8-426f-a8ce-bd250c80971d (15)
[0407/151326.571:INFO:CONSOLE(15)] "[Report Only] Refused to connect to 'wss://127.0.0.1:5931/' because it violates the following Content Security Policy directive: "connect-src 'self' https://*.intuit.com https://*.intuit.com:* https://*.intuitcdn.net:* https://hosted-shell-assets-us-west-2.s3.us-west-2.amazonaws.com wss://plugin-localhost.intuitcdn.net:* wss://plugin.intuitcdn.net:* https://*.intuit.net *.qualtrics.com *.akstat.io *.go-mpulse.net https://*.tealiumiq.com:* https://*.akamaihd.net:* https://*.fullstory.com".
", source: blob:https://accounts.intuit.com/028b02fa-35bd-4059-b692-dff733c79ca2 (15)
[0407/151326.572:INFO:CONSOLE(15)] "[Report Only] Refused to connect to 'wss://127.0.0.1:5902/' because it violates the following Content Security Policy directive: "connect-src 'self' https://*.intuit.com https://*.intuit.com:* https://*.intuitcdn.net:* https://hosted-shell-assets-us-west-2.s3.us-west-2.amazonaws.com wss://plugin-localhost.intuitcdn.net:* wss://plugin.intuitcdn.net:* https://*.intuit.net *.qualtrics.com *.akstat.io *.go-mpulse.net https://*.tealiumiq.com:* https://*.akamaihd.net:* https://*.fullstory.com".
", source: blob:https://accounts.intuit.com/da22b2d9-cd77-4b6a-acf2-553b1352321d (15)
[0407/151326.572:INFO:CONSOLE(15)] "[Report Only] Refused to connect to 'wss://127.0.0.1:5938/' because it violates the following Content Security Policy directive: "connect-src 'self' https://*.intuit.com https://*.intuit.com:* https://*.intuitcdn.net:* https://hosted-shell-assets-us-west-2.s3.us-west-2.amazonaws.com wss://plugin-localhost.intuitcdn.net:* wss://plugin.intuitcdn.net:* https://*.intuit.net *.qualtrics.com *.akstat.io *.go-mpulse.net https://*.tealiumiq.com:* https://*.akamaihd.net:* https://*.fullstory.com".
", source: blob:https://accounts.intuit.com/9a2d18e8-72c5-4ba5-812e-6c0f1529bb85 (15)
[0407/151326.572:INFO:CONSOLE(15)] "[Report Only] Refused to connect to 'wss://127.0.0.1:6039/' because it violates the following Content Security Policy directive: "connect-src 'self' https://*.intuit.com https://*.intuit.com:* https://*.intuitcdn.net:* https://hosted-shell-assets-us-west-2.s3.us-west-2.amazonaws.com wss://plugin-localhost.intuitcdn.net:* wss://plugin.intuitcdn.net:* https://*.intuit.net *.qualtrics.com *.akstat.io *.go-mpulse.net https://*.tealiumiq.com:* https://*.akamaihd.net:* https://*.fullstory.com".
", source: blob:https://accounts.intuit.com/42ef96e0-8529-4b3e-98b2-80c8af2add79 (15)
[0407/151326.572:INFO:CONSOLE(15)] "[Report Only] Refused to connect to 'wss://127.0.0.1:7070/' because it violates the following Content Security Policy directive: "connect-src 'self' https://*.intuit.com https://*.intuit.com:* https://*.intuitcdn.net:* https://hosted-shell-assets-us-west-2.s3.us-west-2.amazonaws.com wss://plugin-localhost.intuitcdn.net:* wss://plugin.intuitcdn.net:* https://*.intuit.net *.qualtrics.com *.akstat.io *.go-mpulse.net https://*.tealiumiq.com:* https://*.akamaihd.net:* https://*.fullstory.com".
", source: blob:https://accounts.intuit.com/ad2c4db9-6e6b-4f1d-98e6-1a231c73cd10 (15)
[0407/151326.572:INFO:CONSOLE(15)] "[Report Only] Refused to connect to 'wss://127.0.0.1:2112/' because it violates the following Content Security Policy directive: "connect-src 'self' https://*.intuit.com https://*.intuit.com:* https://*.intuitcdn.net:* https://hosted-shell-assets-us-west-2.s3.us-west-2.amazonaws.com wss://plugin-localhost.intuitcdn.net:* wss://plugin.intuitcdn.net:* https://*.intuit.net *.qualtrics.com *.akstat.io *.go-mpulse.net https://*.tealiumiq.com:* https://*.akamaihd.net:* https://*.fullstory.com".
", source: blob:https://accounts.intuit.com/ba855940-ceaf-4ef2-be3f-79334e5cac97 (15)
[0407/151326.573:ERROR:socket_manager.cc(141)] Failed to resolve address for aa.online-metrix.net., errorcode: -105
[0407/151326.573:WARNING:stun_port.cc(457)] Port[25236b00:0:1:0:local:Net[any:0:0:0:x:x:x:x:x/0:Wildcard:id=0]]: StunPort: stun host lookup received error -1
[0407/151326.613:ERROR:ssl_client_socket_impl.cc(975)] handshake failed; returned -1, SSL error code 1, net_error -181
[0407/151326.614:INFO:CONSOLE(15)] "WebSocket connection to 'wss://127.0.0.1:3389/' failed: Error in connection establishment: net::ERR_SSL_KEY_USAGE_INCOMPATIBLE", source: blob:https://accounts.intuit.com/b880744a-ce81-47bf-90b1-d21255b002fd (15)
[0407/151326.621:WARNING:turn_port.cc(491)] Socket is bound to the address:100.64.0.x:51150, rather than an address associated with network:Net[any:0.0.0.x/0:Wildcard:id=0]. Still allowing it since it's the 'any' address, possibly caused by multiple_routes being disabled.
[0407/151326.626:ERROR:socket_manager.cc(141)] Failed to resolve address for aa.online-metrix.net., errorcode: -105
[0407/151326.626:ERROR:socket_manager.cc(141)] Failed to resolve address for aa.online-metrix.net., errorcode: -105
[0407/151326.626:WARNING:turn_port.cc(834)] Port[19e35f80:0:1:0:relay:Net[any:0:0:0:x:x:x:x:x/0:Wildcard:id=0]]: TURN host lookup received error -1
[0407/151326.627:WARNING:turn_port.cc(491)] Socket is bound to the address:100.64.0.x:51151, rather than an address associated with network:Net[any:0:0:0:x:x:x:x:x/0:Wildcard:id=0]. Still allowing it since it's the 'any' address, possibly caused by multiple_routes being disabled.
[0407/151326.844:ERROR:stun_port.cc(79)] Binding error response: class=4 number=1 reason=Unauthorized
[0407/151328.073:INFO:CONSOLE(17)] "WebSocket connection to 'wss://127.0.0.1:5944/' failed: WebSocket is closed before the connection is established.", source: blob:https://accounts.intuit.com/b303c8d2-7962-4ae1-818e-d2fbc8245f8c (17)
[0407/151328.073:INFO:CONSOLE(17)] "WebSocket connection to 'wss://127.0.0.1:6040/' failed: WebSocket is closed before the connection is established.", source: blob:https://accounts.intuit.com/aa2b4220-6519-4113-b284-6f56900c64bc (17)
[0407/151328.076:INFO:CONSOLE(17)] "WebSocket connection to 'wss://127.0.0.1:2112/' failed: WebSocket is closed before the connection is established.", source: blob:https://accounts.intuit.com/ba855940-ceaf-4ef2-be3f-79334e5cac97 (17)
[0407/151328.076:INFO:CONSOLE(17)] "WebSocket connection to 'wss://127.0.0.1:5279/' failed: WebSocket is closed before the connection is established.", source: blob:https://accounts.intuit.com/27383f65-9386-4f53-9b4b-2b87c96fb5dd (17)
[0407/151328.076:INFO:CONSOLE(17)] "WebSocket connection to 'wss://127.0.0.1:6039/' failed: WebSocket is closed before the connection is established.", source: blob:https://accounts.intuit.com/42ef96e0-8529-4b3e-98b2-80c8af2add79 (17)
[0407/151328.077:INFO:CONSOLE(17)] "WebSocket connection to 'wss://127.0.0.1:63333/' failed: WebSocket is closed before the connection is established.", source: blob:https://accounts.intuit.com/d505cf37-bbc3-4618-9308-235b9a356dbe (17)
[0407/151328.078:INFO:CONSOLE(17)] "WebSocket connection to 'wss://127.0.0.1:5931/' failed: WebSocket is closed before the connection is established.", source: blob:https://accounts.intuit.com/028b02fa-35bd-4059-b692-dff733c79ca2 (17)
[0407/151328.078:INFO:CONSOLE(17)] "WebSocket connection to 'wss://127.0.0.1:5939/' failed: WebSocket is closed before the connection is established.", source: blob:https://accounts.intuit.com/d83d1d28-0461-4179-a532-641384764349 (17)
[0407/151328.078:INFO:CONSOLE(17)] "WebSocket connection to 'wss://127.0.0.1:5903/' failed: WebSocket is closed before the connection is established.", source: blob:https://accounts.intuit.com/f18f8180-2874-4961-94f8-1295c35fc191 (17)
[0407/151328.078:INFO:CONSOLE(17)] "WebSocket connection to 'wss://127.0.0.1:5900/' failed: WebSocket is closed before the connection is established.", source: blob:https://accounts.intuit.com/3fbb512f-d38d-4664-89cb-7a453e77f138 (17)
[0407/151328.082:INFO:CONSOLE(17)] "WebSocket connection to 'wss://127.0.0.1:5938/' failed: WebSocket is closed before the connection is established.", source: blob:https://accounts.intuit.com/9a2d18e8-72c5-4ba5-812e-6c0f1529bb85 (17)
[0407/151328.082:INFO:CONSOLE(17)] "WebSocket connection to 'wss://127.0.0.1:5902/' failed: WebSocket is closed before the connection is established.", source: blob:https://accounts.intuit.com/da22b2d9-cd77-4b6a-acf2-553b1352321d (17)
[0407/151328.082:INFO:CONSOLE(17)] "WebSocket connection to 'wss://127.0.0.1:5901/' failed: WebSocket is closed before the connection is established.", source: blob:https://accounts.intuit.com/0d47e73a-eb00-423d-9f66-c69dc0391b5f (17)
[0407/151328.082:INFO:CONSOLE(17)] "WebSocket connection to 'wss://127.0.0.1:5950/' failed: WebSocket is closed before the connection is established.", source: blob:https://accounts.intuit.com/ba722bdc-3ae8-426f-a8ce-bd250c80971d (17)
[0407/151328.083:INFO:CONSOLE(17)] "WebSocket connection to 'wss://127.0.0.1:7070/' failed: WebSocket is closed before the connection is established.", source: blob:https://accounts.intuit.com/ad2c4db9-6e6b-4f1d-98e6-1a231c73cd10 (17)
[0407/151328.170:WARNING:spdy_session.cc(2966)] Received HEADERS for invalid stream 31
[0407/151328.171:WARNING:spdy_session.cc(2966)] Received HEADERS for invalid stream 33
[0407/151328.760:ERROR:ssl_client_socket_impl.cc(975)] handshake failed; returned -1, SSL error code 1, net_error -100
[0407/151329.100:ERROR:ssl_client_socket_impl.cc(975)] handshake failed; returned -1, SSL error code 1, net_error -100
[0407/151329.277:INFO:CONSOLE(0)] "The resource https://uxfabric.intuitcdn.net/@appfabric/web-shell-core/9.98.1/BaseWidget.min.js was preloaded using link preload but not used within a few seconds from the window's load event. Please make sure it has an appropriate `as` value and it is preloaded intentionally.", source: https://accounts.intuit.com/app/sign-in?response_type=code&client_id=ABTIP6RQwulvHlfqYzSZW3kbOkQzZItUlHdw20raHxZjpVO85Y&redirect_uri=https%3A%2F%2Foauth2.intuit.com%2Fnativeredirect%2Fv1&asset_alias=Intuit.platform.lacertetax.lacertetaxsdk&app_platform=Windows&app_group=Lacerte&single_sign_on=false&locale=en-us&state=d8c4b9a160c648b69d9c79e0341e9078 (0)
[0407/151329.320:ERROR:ssl_client_socket_impl.cc(975)] handshake failed; returned -1, SSL error code 1, net_error -100
[0407/151329.449:INFO:CONSOLE(1)] "tmxOnProfileComplete [object Object]", source: https://plugin.intuitcdn.net/web-shell/5.142.1/appf-intuit-logging.aac9270461a626adbd4d.js (1)
[0407/151329.450:INFO:CONSOLE(1)] "profiling-complete [object Object]", source: https://plugin.intuitcdn.net/web-shell/5.142.1/appf-intuit-logging.aac9270461a626adbd4d.js (1)
[0407/151329.611:ERROR:ssl_client_socket_impl.cc(975)] handshake failed; returned -1, SSL error code 1, net_error -100
[0407/151330.276:INFO:CONSOLE(1)] "callProcessSession [object Object]", source: https://plugin.intuitcdn.net/web-shell/5.142.1/appf-intuit-logging.aac9270461a626adbd4d.js (1)
[0407/151330.390:ERROR:ssl_client_socket_impl.cc(975)] handshake failed; returned -1, SSL error code 1, net_error -100
[0407/151330.403:ERROR:ssl_client_socket_impl.cc(975)] handshake failed; returned -1, SSL error code 1, net_error -100
[0407/151331.289:WARNING:browser_info.cc(309)] Returning a speculative frame for 30064771085 [7,13]
[0407/151331.289:WARNING:browser_info.cc(309)] Returning a speculative frame for 30064771085 [7,13]
[0407/151331.289:WARNING:browser_info.cc(309)] Returning a speculative frame for 30064771085 [7,13]
[0407/151331.289:WARNING:browser_info.cc(309)] Returning a speculative frame for 30064771085 [7,13]
[0407/151331.306:INFO:CONSOLE(1)] "identity-v2-api-success [object Object]", source: https://plugin.intuitcdn.net/web-shell/5.142.1/appf-intuit-logging.aac9270461a626adbd4d.js (1)
[0407/151332.126:INFO:CONSOLE(1)] "identity-v2-api-success [object Object]", source: https://plugin.intuitcdn.net/web-shell/5.142.1/appf-intuit-logging.aac9270461a626adbd4d.js (1)
[0407/151332.154:INFO:CONSOLE(1)] "passkey-registration-qualification-unsupported-browser [object Object]", source: https://plugin.intuitcdn.net/web-shell/5.142.1/appf-intuit-logging.aac9270461a626adbd4d.js (1)
[0407/151332.491:INFO:CONSOLE(1)] "identity-v2-api-success [object Object]", source: https://plugin.intuitcdn.net/web-shell/5.142.1/appf-intuit-logging.aac9270461a626adbd4d.js (1)
[0407/151332.499:INFO:CONSOLE(1)] "oauth2-redirect-fired [object Object]", source: https://plugin.intuitcdn.net/web-shell/5.142.1/appf-intuit-logging.aac9270461a626adbd4d.js (1)
[0407/151332.815:INFO:CONSOLE(1)] "sign-in-success-into-product [object Object]", source: https://plugin.intuitcdn.net/web-shell/5.142.1/appf-intuit-logging.aac9270461a626adbd4d.js (1)
[0407/151332.816:INFO:CONSOLE(1)] "post-auth-processes-run [object Object]", source: https://plugin.intuitcdn.net/web-shell/5.142.1/appf-intuit-logging.aac9270461a626adbd4d.js (1)
[0407/151332.828:INFO:CONSOLE(1)] "sign_in_sign_up_done [object Object]", source: https://plugin.intuitcdn.net/web-shell/5.142.1/appf-intuit-logging.aac9270461a626adbd4d.js (1)
[0407/151334.714:WARNING:frame_impl.cc(420)] SendProcessMessage sent to detached frame 21474836493 [5,13] will be ignored
[0407/151334.718:WARNING:frame_impl.cc(420)] SendProcessMessage sent to detached frame 21474836481 [5,1] will be ignored
[0409/194315.365:WARNING:policy_logger.cc(151)] :components\enterprise\browser\controller\chrome_browser_cloud_management_controller.cc(88) Could not create policy manager as CBCM is not enabled.
[0409/194316.918:INFO:CONSOLE(1)] "All core plugins started...", source: https://plugin.intuitcdn.net/web-shell/5.142.1/378.420707b431d95444b05a.js (1)
[0409/194316.922:INFO:CONSOLE(1)] "Plugins registered...", source: https://plugin.intuitcdn.net/web-shell/5.142.1/378.420707b431d95444b05a.js (1)
[0409/194316.923:INFO:CONSOLE(1)] "Application before-ready completed...", source: https://plugin.intuitcdn.net/web-shell/5.142.1/378.420707b431d95444b05a.js (1)
[0409/194316.930:INFO:CONSOLE(1)] "Application ready...", source: https://plugin.intuitcdn.net/web-shell/5.142.1/378.420707b431d95444b05a.js (1)
[0409/194316.932:INFO:CONSOLE(1)] "default delegate action handler  [object Object]", source: https://plugin.intuitcdn.net/web-shell/5.142.1/AppInitializer.d7780b6042da9d8d8d9b.js (1)
[0409/194316.945:INFO:CONSOLE(2)] "Unsatisfied version 17.0.2 from @appfabric/web-platform-runtime of shared singleton module react-dom (required =18.3.1)", source: https://plugin.intuitcdn.net/identity-authn-core-ui/remoteEntry.2d1fd7c0d49259f9.js (2)
[0409/194316.945:INFO:CONSOLE(2)] "Unsatisfied version 4.4.1 from ds-externals-override of shared singleton module @design-systems/theme (required =4.0.5)", source: https://plugin.intuitcdn.net/identity-authn-core-ui/remoteEntry.2d1fd7c0d49259f9.js (2)
[0409/194316.945:INFO:CONSOLE(2)] "Unsatisfied version 17.0.2 from @appfabric/web-platform-runtime of shared singleton module react (required =18.3.1)", source: https://plugin.intuitcdn.net/identity-authn-core-ui/remoteEntry.2d1fd7c0d49259f9.js (2)
[0409/194317.041:INFO:peer_connection_dependency_factory.cc(669)] Running WebRTC with a combined Network and Worker thread.
[0409/194317.227:WARNING:codec.cc(450)] Explicitly added H264 constrained baseline to list of supported formats.
[0409/194317.498:INFO:CONSOLE(1)] "Shell - successfully initialized RUM module [object Object]", source: https://plugin.intuitcdn.net/web-shell/5.142.1/appf-intuit-logging.aac9270461a626adbd4d.js (1)
[0409/194317.498:INFO:CONSOLE(1)] "Network interceptor(s) started successfully [object Object]", source: https://plugin.intuitcdn.net/web-shell/5.142.1/appf-intuit-logging.aac9270461a626adbd4d.js (1)
[0409/194317.498:INFO:CONSOLE(1)] "Shell - successfully loaded [object Object]", source: https://plugin.intuitcdn.net/web-shell/5.142.1/appf-intuit-logging.aac9270461a626adbd4d.js (1)
[0409/194317.500:INFO:CONSOLE(1)] "getExperimentAssignments [object Object]", source: https://plugin.intuitcdn.net/web-shell/5.142.1/appf-intuit-logging.aac9270461a626adbd4d.js (1)
[0409/194317.500:INFO:CONSOLE(1)] "performance [object Object]", source: https://plugin.intuitcdn.net/web-shell/5.142.1/appf-intuit-logging.aac9270461a626adbd4d.js (1)
[0409/194317.500:INFO:CONSOLE(1)] "profiling-begin [object Object]", source: https://plugin.intuitcdn.net/web-shell/5.142.1/appf-intuit-logging.aac9270461a626adbd4d.js (1)
[0409/194317.501:INFO:CONSOLE(1)] "initiating risk profiling from iux [object Object]", source: https://plugin.intuitcdn.net/web-shell/5.142.1/appf-intuit-logging.aac9270461a626adbd4d.js (1)
[0409/194317.501:INFO:CONSOLE(1)] "setCookie [object Object]", source: https://plugin.intuitcdn.net/web-shell/5.142.1/appf-intuit-logging.aac9270461a626adbd4d.js (1)
[0409/194317.501:INFO:CONSOLE(1)] "setDiSessionCookie [object Object]", source: https://plugin.intuitcdn.net/web-shell/5.142.1/appf-intuit-logging.aac9270461a626adbd4d.js (1)
[0409/194317.502:INFO:CONSOLE(1)] "profiling-session-initiated [object Object]", source: https://plugin.intuitcdn.net/web-shell/5.142.1/appf-intuit-logging.aac9270461a626adbd4d.js (1)
[0409/194317.502:INFO:CONSOLE(1)] "getExperimentAssignments [object Object]", source: https://plugin.intuitcdn.net/web-shell/5.142.1/appf-intuit-logging.aac9270461a626adbd4d.js (1)
[0409/194317.502:INFO:CONSOLE(1)] "identity-browser-prepare-sign-in-success [object Object]", source: https://plugin.intuitcdn.net/web-shell/5.142.1/appf-intuit-logging.aac9270461a626adbd4d.js (1)
[0409/194317.503:INFO:CONSOLE(1)] "sign-in-setup [object Object]", source: https://plugin.intuitcdn.net/web-shell/5.142.1/appf-intuit-logging.aac9270461a626adbd4d.js (1)
[0409/194317.503:INFO:CONSOLE(1)] "nonhosted  ius_nav_start_to_render_time=1436 connection_downlink=9,connection_effectiveType=4g ius_all_cookies_size=2369    ius_internal_time_to_interact=32 isPauthLaunch=false isPauthReturn=false isOauth=true enableSSOMFA=false enableVerifyLogin=false locale=en-us [object Object]", source: https://plugin.intuitcdn.net/web-shell/5.142.1/appf-intuit-logging.aac9270461a626adbd4d.js (1)
[0409/194317.503:INFO:CONSOLE(1)] "sign-in-config-usage [object Object]", source: https://plugin.intuitcdn.net/web-shell/5.142.1/appf-intuit-logging.aac9270461a626adbd4d.js (1)
[0409/194317.503:INFO:CONSOLE(1)] "sign-in-initial-request-status [object Object]", source: https://plugin.intuitcdn.net/web-shell/5.142.1/appf-intuit-logging.aac9270461a626adbd4d.js (1)
[0409/194317.504:INFO:CONSOLE(1)] "Shell - application bootstrapped successfully! [object Object]", source: https://plugin.intuitcdn.net/web-shell/5.142.1/appf-intuit-logging.aac9270461a626adbd4d.js (1)
[0409/194317.561:ERROR:socket_manager.cc(141)] Failed to resolve address for aa.online-metrix.net., errorcode: -105
[0409/194317.561:ERROR:socket_manager.cc(141)] Failed to resolve address for aa.online-metrix.net., errorcode: -105
[0409/194317.561:ERROR:socket_manager.cc(141)] Failed to resolve address for aa.online-metrix.net., errorcode: -105
[0409/194317.561:WARNING:turn_port.cc(834)] Port[23a99180:0:1:0:relay:Net[any:0:0:0:x:x:x:x:x/0:Wildcard:id=0]]: TURN host lookup received error -1
[0409/194317.561:WARNING:stun_port.cc(457)] Port[22f68a00:0:1:0:local:Net[any:0:0:0:x:x:x:x:x/0:Wildcard:id=0]]: StunPort: stun host lookup received error -1
[0409/194317.662:INFO:CONSOLE(75)] "[SapFiori_PageWorld] driverVersion: 23.10.97.53968", source: IsSamplePartOfANewColumnMultiInject.js (75)
[0409/194317.662:INFO:CONSOLE(93)] "[SalesForce_PageWorld] driverVersion: 23.10.97.53968", source: IsSamplePartOfANewColumnMultiInject.js (93)
[0409/194317.663:INFO:CONSOLE(84)] "[UiPath][SapWebGui_PageWorld] : initialize driverVersion:  23.10.97.53968", source: IsSamplePartOfANewColumnMultiInject.js (84)
[0409/194317.663:INFO:CONSOLE(153)] "[InjectJs_PageWorld] driverVersion: 23.10.97.53968", source: IsSamplePartOfANewColumnMultiInject.js (153)
[0409/194317.723:ERROR:stun_port.cc(79)] Binding error response: class=4 number=1 reason=Unauthorized
[0409/194317.776:WARNING:turn_port.cc(491)] Socket is bound to the address:10.2.99.x:51468, rather than an address associated with network:Net[any:0.0.0.x/0:Wildcard:id=0]. Still allowing it since it's the 'any' address, possibly caused by multiple_routes being disabled.
[0409/194317.811:WARNING:turn_port.cc(491)] Socket is bound to the address:10.2.99.x:51469, rather than an address associated with network:Net[any:0:0:0:x:x:x:x:x/0:Wildcard:id=0]. Still allowing it since it's the 'any' address, possibly caused by multiple_routes being disabled.
[0409/194318.043:INFO:CONSOLE(1)] "callInitiateSessionAndSetKdId [object Object]", source: https://plugin.intuitcdn.net/web-shell/5.142.1/appf-intuit-logging.aac9270461a626adbd4d.js (1)
[0409/194318.314:WARNING:browser_info.cc(309)] Returning a speculative frame for 25769803781 [6,5]
[0409/194318.342:WARNING:frame_impl.cc(420)] SendProcessMessage sent to detached frame 21474836486 [5,6] will be ignored
[0409/194318.342:WARNING:frame_impl.cc(420)] SendProcessMessage sent to detached frame 21474836486 [5,6] will be ignored
[0409/194318.593:WARNING:browser_info.cc(309)] Returning a speculative frame for 25769803781 [6,5]
[0409/194318.593:WARNING:browser_info.cc(309)] Returning a speculative frame for 25769803781 [6,5]
[0409/194318.593:WARNING:browser_info.cc(309)] Returning a speculative frame for 25769803781 [6,5]
[0409/194318.593:WARNING:browser_info.cc(309)] Returning a speculative frame for 25769803781 [6,5]
[0409/194318.639:INFO:CONSOLE(1)] "device-profiling-never-completed [object Object]", source: https://plugin.intuitcdn.net/web-shell/5.142.1/appf-intuit-logging.aac9270461a626adbd4d.js (1)
[0409/194318.738:INFO:CONSOLE(1)] "onProfileTimeout [object Object]", source: https://plugin.intuitcdn.net/web-shell/5.142.1/appf-intuit-logging.aac9270461a626adbd4d.js (1)
[0409/194318.738:INFO:CONSOLE(1)] "profiling-complete-or-timeout [object Object]", source: https://plugin.intuitcdn.net/web-shell/5.142.1/appf-intuit-logging.aac9270461a626adbd4d.js (1)
[0409/194318.758:WARNING:browser_info.cc(309)] Returning a speculative frame for 25769803784 [6,8]
[0409/194318.758:WARNING:browser_info.cc(309)] Returning a speculative frame for 25769803784 [6,8]
[0409/194318.758:WARNING:browser_info.cc(309)] Returning a speculative frame for 25769803784 [6,8]
[0409/194318.758:WARNING:browser_info.cc(309)] Returning a speculative frame for 25769803784 [6,8]
[0409/194320.807:INFO:peer_connection_dependency_factory.cc(669)] Running WebRTC with a combined Network and Worker thread.
[0409/194320.809:WARNING:codec.cc(450)] Explicitly added H264 constrained baseline to list of supported formats.
[0409/194320.816:WARNING:browser_info.cc(309)] Returning a speculative frame for 30064771085 [7,13]
[0409/194320.846:INFO:CONSOLE(1064)] "[Report Only] Refused to load the script 'https://h64.online-metrix.net/HJCPaQeYowDkvORp?6a7b080839826709=efrgWuOFlk2Gq832hclDexztxT1BSBBwTTeCHT3MZ0XKGzAoX_NBrXQyC9PSVOkUyaLVTk-rWBCFTHSma6R5fgKwVuPlm0HQR27OnPR8k7P4TQdnogM53JYnIuSgurBiq0Lle8kVIm57uS-85BaG-XFFy4FGv87kwZHL5ks' because it violates the following Content Security Policy directive: "script-src 'self' https://*.intuit.com https://*.intuitcdn.net:* 'unsafe-inline' 'unsafe-eval' *.google.com *.google-analytics.com *.gstatic.com *.appdynamics.com *.intuitcdn.com *.intuitcdn.net *.intuitcdn.net:34212 *.ensighten.com *.decibelinsight.net *.decibelinsight.com *.tiqcdn.com *.go-mpulse.net *.we-stats.com *.qualtrics.com". Note that 'script-src-elem' was not explicitly set, so 'script-src' is used as a fallback.
", source: https://qfp.intuit.com/ixcXfSvFu0yNBfDs?dd8aebdd18877c34=A4IaobmnHR-twATQ_ho9FAf7tGzzGlKcEX-5VLDm43wHwmhK_AZB-eyE6oSD0czjgxFi-ucC93oHNRiL6FPSx8XT4gvfdH_ZUnYB_acbNLrML0PmtsMLnNfdlO0CY83av68BYS4ghObm-3etigWiH5NMqmuCNB37ov7BNLjXpb-s1wvw6qIyQX2cmHyflScFjWxgHg1dro_sHgLveCXed8M&jb=373b26246a736f773f576b6c646f7773246a716f35576b6c646d77712532303133246a7162753d416a726d6f65266a73603d41687a6f6f67253030333139 (1064)
[0409/194321.113:INFO:CONSOLE(15)] "[Report Only] Refused to connect to 'wss://127.0.0.1:2112/' because it violates the following Content Security Policy directive: "connect-src 'self' https://*.intuit.com https://*.intuit.com:* https://*.intuitcdn.net:* https://hosted-shell-assets-us-west-2.s3.us-west-2.amazonaws.com wss://plugin-localhost.intuitcdn.net:* wss://plugin.intuitcdn.net:* https://*.intuit.net *.qualtrics.com *.akstat.io *.go-mpulse.net https://*.tealiumiq.com:* https://*.akamaihd.net:* https://*.fullstory.com".
", source: blob:https://accounts.intuit.com/7a21d95a-585d-4818-91fd-69e4c3feaed9 (15)
[0409/194321.113:INFO:CONSOLE(15)] "[Report Only] Refused to connect to 'wss://127.0.0.1:5279/' because it violates the following Content Security Policy directive: "connect-src 'self' https://*.intuit.com https://*.intuit.com:* https://*.intuitcdn.net:* https://hosted-shell-assets-us-west-2.s3.us-west-2.amazonaws.com wss://plugin-localhost.intuitcdn.net:* wss://plugin.intuitcdn.net:* https://*.intuit.net *.qualtrics.com *.akstat.io *.go-mpulse.net https://*.tealiumiq.com:* https://*.akamaihd.net:* https://*.fullstory.com".
", source: blob:https://accounts.intuit.com/fe0f8b66-9e6f-49ac-970d-7175f90305a8 (15)
[0409/194321.113:INFO:CONSOLE(15)] "[Report Only] Refused to connect to 'wss://127.0.0.1:5939/' because it violates the following Content Security Policy directive: "connect-src 'self' https://*.intuit.com https://*.intuit.com:* https://*.intuitcdn.net:* https://hosted-shell-assets-us-west-2.s3.us-west-2.amazonaws.com wss://plugin-localhost.intuitcdn.net:* wss://plugin.intuitcdn.net:* https://*.intuit.net *.qualtrics.com *.akstat.io *.go-mpulse.net https://*.tealiumiq.com:* https://*.akamaihd.net:* https://*.fullstory.com".
", source: blob:https://accounts.intuit.com/7571a32c-866d-47c0-88b6-7e5b24980bc9 (15)
[0409/194321.113:INFO:CONSOLE(15)] "[Report Only] Refused to connect to 'wss://127.0.0.1:5938/' because it violates the following Content Security Policy directive: "connect-src 'self' https://*.intuit.com https://*.intuit.com:* https://*.intuitcdn.net:* https://hosted-shell-assets-us-west-2.s3.us-west-2.amazonaws.com wss://plugin-localhost.intuitcdn.net:* wss://plugin.intuitcdn.net:* https://*.intuit.net *.qualtrics.com *.akstat.io *.go-mpulse.net https://*.tealiumiq.com:* https://*.akamaihd.net:* https://*.fullstory.com".
", source: blob:https://accounts.intuit.com/c9b70a45-14a6-4e32-a88f-6495f195ee78 (15)
[0409/194321.113:INFO:CONSOLE(15)] "[Report Only] Refused to connect to 'wss://127.0.0.1:5931/' because it violates the following Content Security Policy directive: "connect-src 'self' https://*.intuit.com https://*.intuit.com:* https://*.intuitcdn.net:* https://hosted-shell-assets-us-west-2.s3.us-west-2.amazonaws.com wss://plugin-localhost.intuitcdn.net:* wss://plugin.intuitcdn.net:* https://*.intuit.net *.qualtrics.com *.akstat.io *.go-mpulse.net https://*.tealiumiq.com:* https://*.akamaihd.net:* https://*.fullstory.com".
", source: blob:https://accounts.intuit.com/8fbe67b2-0f1f-493f-9023-20417d16bf6b (15)
[0409/194321.113:INFO:CONSOLE(15)] "[Report Only] Refused to connect to 'wss://127.0.0.1:5902/' because it violates the following Content Security Policy directive: "connect-src 'self' https://*.intuit.com https://*.intuit.com:* https://*.intuitcdn.net:* https://hosted-shell-assets-us-west-2.s3.us-west-2.amazonaws.com wss://plugin-localhost.intuitcdn.net:* wss://plugin.intuitcdn.net:* https://*.intuit.net *.qualtrics.com *.akstat.io *.go-mpulse.net https://*.tealiumiq.com:* https://*.akamaihd.net:* https://*.fullstory.com".
", source: blob:https://accounts.intuit.com/b83143d6-e54d-4684-a183-c8ae5c64ba7d (15)
[0409/194321.113:INFO:CONSOLE(15)] "[Report Only] Refused to connect to 'wss://127.0.0.1:5944/' because it violates the following Content Security Policy directive: "connect-src 'self' https://*.intuit.com https://*.intuit.com:* https://*.intuitcdn.net:* https://hosted-shell-assets-us-west-2.s3.us-west-2.amazonaws.com wss://plugin-localhost.intuitcdn.net:* wss://plugin.intuitcdn.net:* https://*.intuit.net *.qualtrics.com *.akstat.io *.go-mpulse.net https://*.tealiumiq.com:* https://*.akamaihd.net:* https://*.fullstory.com".
", source: blob:https://accounts.intuit.com/7e96dad2-f730-4e16-9a8f-14d4b1fc3d79 (15)
[0409/194321.113:INFO:CONSOLE(15)] "[Report Only] Refused to connect to 'wss://127.0.0.1:7070/' because it violates the following Content Security Policy directive: "connect-src 'self' https://*.intuit.com https://*.intuit.com:* https://*.intuitcdn.net:* https://hosted-shell-assets-us-west-2.s3.us-west-2.amazonaws.com wss://plugin-localhost.intuitcdn.net:* wss://plugin.intuitcdn.net:* https://*.intuit.net *.qualtrics.com *.akstat.io *.go-mpulse.net https://*.tealiumiq.com:* https://*.akamaihd.net:* https://*.fullstory.com".
", source: blob:https://accounts.intuit.com/eef7fd5b-92e8-4b05-af80-1de01ced49ee (15)
[0409/194321.113:INFO:CONSOLE(15)] "[Report Only] Refused to connect to 'wss://127.0.0.1:5950/' because it violates the following Content Security Policy directive: "connect-src 'self' https://*.intuit.com https://*.intuit.com:* https://*.intuitcdn.net:* https://hosted-shell-assets-us-west-2.s3.us-west-2.amazonaws.com wss://plugin-localhost.intuitcdn.net:* wss://plugin.intuitcdn.net:* https://*.intuit.net *.qualtrics.com *.akstat.io *.go-mpulse.net https://*.tealiumiq.com:* https://*.akamaihd.net:* https://*.fullstory.com".
", source: blob:https://accounts.intuit.com/8918a669-7846-4288-b3b4-22daaccffa3f (15)
[0409/194321.113:INFO:CONSOLE(15)] "[Report Only] Refused to connect to 'wss://127.0.0.1:5901/' because it violates the following Content Security Policy directive: "connect-src 'self' https://*.intuit.com https://*.intuit.com:* https://*.intuitcdn.net:* https://hosted-shell-assets-us-west-2.s3.us-west-2.amazonaws.com wss://plugin-localhost.intuitcdn.net:* wss://plugin.intuitcdn.net:* https://*.intuit.net *.qualtrics.com *.akstat.io *.go-mpulse.net https://*.tealiumiq.com:* https://*.akamaihd.net:* https://*.fullstory.com".
", source: blob:https://accounts.intuit.com/6dc52f88-6f4e-4624-99fc-af2154cae502 (15)
[0409/194321.113:INFO:CONSOLE(15)] "[Report Only] Refused to connect to 'wss://127.0.0.1:6039/' because it violates the following Content Security Policy directive: "connect-src 'self' https://*.intuit.com https://*.intuit.com:* https://*.intuitcdn.net:* https://hosted-shell-assets-us-west-2.s3.us-west-2.amazonaws.com wss://plugin-localhost.intuitcdn.net:* wss://plugin.intuitcdn.net:* https://*.intuit.net *.qualtrics.com *.akstat.io *.go-mpulse.net https://*.tealiumiq.com:* https://*.akamaihd.net:* https://*.fullstory.com".
", source: blob:https://accounts.intuit.com/390a9aa5-a3df-44f2-af00-5646c54aa219 (15)
[0409/194321.113:INFO:CONSOLE(15)] "[Report Only] Refused to connect to 'wss://127.0.0.1:5900/' because it violates the following Content Security Policy directive: "connect-src 'self' https://*.intuit.com https://*.intuit.com:* https://*.intuitcdn.net:* https://hosted-shell-assets-us-west-2.s3.us-west-2.amazonaws.com wss://plugin-localhost.intuitcdn.net:* wss://plugin.intuitcdn.net:* https://*.intuit.net *.qualtrics.com *.akstat.io *.go-mpulse.net https://*.tealiumiq.com:* https://*.akamaihd.net:* https://*.fullstory.com".
", source: blob:https://accounts.intuit.com/b4d69a87-7306-4757-8306-4617bb2124c8 (15)
[0409/194321.113:INFO:CONSOLE(15)] "[Report Only] Refused to connect to 'wss://127.0.0.1:6040/' because it violates the following Content Security Policy directive: "connect-src 'self' https://*.intuit.com https://*.intuit.com:* https://*.intuitcdn.net:* https://hosted-shell-assets-us-west-2.s3.us-west-2.amazonaws.com wss://plugin-localhost.intuitcdn.net:* wss://plugin.intuitcdn.net:* https://*.intuit.net *.qualtrics.com *.akstat.io *.go-mpulse.net https://*.tealiumiq.com:* https://*.akamaihd.net:* https://*.fullstory.com".
", source: blob:https://accounts.intuit.com/ba00f090-da57-4178-bf98-b3fc25b6d7c7 (15)
[0409/194321.113:INFO:CONSOLE(15)] "[Report Only] Refused to connect to 'wss://127.0.0.1:5903/' because it violates the following Content Security Policy directive: "connect-src 'self' https://*.intuit.com https://*.intuit.com:* https://*.intuitcdn.net:* https://hosted-shell-assets-us-west-2.s3.us-west-2.amazonaws.com wss://plugin-localhost.intuitcdn.net:* wss://plugin.intuitcdn.net:* https://*.intuit.net *.qualtrics.com *.akstat.io *.go-mpulse.net https://*.tealiumiq.com:* https://*.akamaihd.net:* https://*.fullstory.com".
", source: blob:https://accounts.intuit.com/235affdb-fbb1-4bcd-80c9-d4d8ae92151f (15)
[0409/194321.113:INFO:CONSOLE(15)] "[Report Only] Refused to connect to 'wss://127.0.0.1:3389/' because it violates the following Content Security Policy directive: "connect-src 'self' https://*.intuit.com https://*.intuit.com:* https://*.intuitcdn.net:* https://hosted-shell-assets-us-west-2.s3.us-west-2.amazonaws.com wss://plugin-localhost.intuitcdn.net:* wss://plugin.intuitcdn.net:* https://*.intuit.net *.qualtrics.com *.akstat.io *.go-mpulse.net https://*.tealiumiq.com:* https://*.akamaihd.net:* https://*.fullstory.com".
", source: blob:https://accounts.intuit.com/ff38c765-9707-4eaf-aa46-04040b9bd0f9 (15)
[0409/194321.113:INFO:CONSOLE(15)] "[Report Only] Refused to connect to 'wss://127.0.0.1:63333/' because it violates the following Content Security Policy directive: "connect-src 'self' https://*.intuit.com https://*.intuit.com:* https://*.intuitcdn.net:* https://hosted-shell-assets-us-west-2.s3.us-west-2.amazonaws.com wss://plugin-localhost.intuitcdn.net:* wss://plugin.intuitcdn.net:* https://*.intuit.net *.qualtrics.com *.akstat.io *.go-mpulse.net https://*.tealiumiq.com:* https://*.akamaihd.net:* https://*.fullstory.com".
", source: blob:https://accounts.intuit.com/0e675295-7388-4f87-ab8e-ab7a65e0293b (15)
[0409/194321.151:ERROR:ssl_client_socket_impl.cc(975)] handshake failed; returned -1, SSL error code 1, net_error -181
[0409/194321.153:INFO:CONSOLE(15)] "WebSocket connection to 'wss://127.0.0.1:3389/' failed: Error in connection establishment: net::ERR_SSL_KEY_USAGE_INCOMPATIBLE", source: blob:https://accounts.intuit.com/ff38c765-9707-4eaf-aa46-04040b9bd0f9 (15)
[0409/194321.182:ERROR:socket_manager.cc(141)] Failed to resolve address for aa.online-metrix.net., errorcode: -105
[0409/194321.182:ERROR:socket_manager.cc(141)] Failed to resolve address for aa.online-metrix.net., errorcode: -105
[0409/194321.182:ERROR:socket_manager.cc(141)] Failed to resolve address for aa.online-metrix.net., errorcode: -105
[0409/194321.183:WARNING:stun_port.cc(457)] Port[1c9d8600:0:1:0:local:Net[any:0:0:0:x:x:x:x:x/0:Wildcard:id=0]]: StunPort: stun host lookup received error -1
[0409/194321.183:WARNING:turn_port.cc(834)] Port[1befe200:0:1:0:relay:Net[any:0:0:0:x:x:x:x:x/0:Wildcard:id=0]]: TURN host lookup received error -1
[0409/194321.377:ERROR:stun_port.cc(79)] Binding error response: class=4 number=1 reason=Unauthorized
[0409/194321.409:WARNING:turn_port.cc(491)] Socket is bound to the address:10.2.99.x:51545, rather than an address associated with network:Net[any:0.0.0.x/0:Wildcard:id=0]. Still allowing it since it's the 'any' address, possibly caused by multiple_routes being disabled.
[0409/194321.436:WARNING:turn_port.cc(491)] Socket is bound to the address:10.2.99.x:51546, rather than an address associated with network:Net[any:0:0:0:x:x:x:x:x/0:Wildcard:id=0]. Still allowing it since it's the 'any' address, possibly caused by multiple_routes being disabled.
[0409/194321.775:WARNING:browser_info.cc(309)] Returning a speculative frame for 30064771085 [7,13]
[0409/194321.775:WARNING:browser_info.cc(309)] Returning a speculative frame for 30064771085 [7,13]
[0409/194321.775:WARNING:browser_info.cc(309)] Returning a speculative frame for 30064771085 [7,13]
[0409/194321.775:WARNING:browser_info.cc(309)] Returning a speculative frame for 30064771085 [7,13]
[0409/194322.628:WARNING:spdy_session.cc(2966)] Received HEADERS for invalid stream 19
[0409/194322.657:WARNING:spdy_session.cc(2966)] Received HEADERS for invalid stream 21
[0409/194322.689:WARNING:spdy_session.cc(2966)] Received HEADERS for invalid stream 23
[0409/194322.695:WARNING:spdy_session.cc(2966)] Received HEADERS for invalid stream 25
[0409/194322.753:WARNING:spdy_session.cc(2966)] Received HEADERS for invalid stream 27
[0409/194322.760:WARNING:spdy_session.cc(2966)] Received HEADERS for invalid stream 29
[0409/194323.885:INFO:CONSOLE(1)] "tmxOnProfileComplete [object Object]", source: https://plugin.intuitcdn.net/web-shell/5.142.1/appf-intuit-logging.aac9270461a626adbd4d.js (1)
[0409/194323.885:INFO:CONSOLE(1)] "profiling-complete [object Object]", source: https://plugin.intuitcdn.net/web-shell/5.142.1/appf-intuit-logging.aac9270461a626adbd4d.js (1)
[0409/194324.670:INFO:CONSOLE(1)] "callProcessSession [object Object]", source: https://plugin.intuitcdn.net/web-shell/5.142.1/appf-intuit-logging.aac9270461a626adbd4d.js (1)
[0409/194326.564:INFO:CONSOLE(1)] "identity-v2-api-success [object Object]", source: https://plugin.intuitcdn.net/web-shell/5.142.1/appf-intuit-logging.aac9270461a626adbd4d.js (1)
[0409/194327.364:INFO:CONSOLE(1)] "identity-v2-api-success [object Object]", source: https://plugin.intuitcdn.net/web-shell/5.142.1/appf-intuit-logging.aac9270461a626adbd4d.js (1)
[0409/194327.381:INFO:CONSOLE(1)] "passkey-registration-qualification-unsupported-browser [object Object]", source: https://plugin.intuitcdn.net/web-shell/5.142.1/appf-intuit-logging.aac9270461a626adbd4d.js (1)
[0409/194328.511:INFO:CONSOLE(1)] "identity-v2-api-success [object Object]", source: https://plugin.intuitcdn.net/web-shell/5.142.1/appf-intuit-logging.aac9270461a626adbd4d.js (1)
[0409/194328.515:INFO:CONSOLE(1)] "oauth2-redirect-fired [object Object]", source: https://plugin.intuitcdn.net/web-shell/5.142.1/appf-intuit-logging.aac9270461a626adbd4d.js (1)
[0409/194328.834:INFO:CONSOLE(1)] "sign-in-success-into-product [object Object]", source: https://plugin.intuitcdn.net/web-shell/5.142.1/appf-intuit-logging.aac9270461a626adbd4d.js (1)
[0409/194328.834:INFO:CONSOLE(1)] "post-auth-processes-run [object Object]", source: https://plugin.intuitcdn.net/web-shell/5.142.1/appf-intuit-logging.aac9270461a626adbd4d.js (1)
[0409/194328.843:INFO:CONSOLE(1)] "sign_in_sign_up_done [object Object]", source: https://plugin.intuitcdn.net/web-shell/5.142.1/appf-intuit-logging.aac9270461a626adbd4d.js (1)
[0409/194330.471:WARNING:frame_impl.cc(420)] SendProcessMessage sent to detached frame 21474836493 [5,13] will be ignored
[0409/194330.477:WARNING:frame_impl.cc(420)] SendProcessMessage sent to detached frame 21474836481 [5,1] will be ignored
